2026-04-06 22:58:34 [INFO]: ✅ MongoDB connected
2026-04-06 22:58:34 [INFO]: 🚀 Server running on port 5000 [development]
2026-04-06 22:58:34 [INFO]: 📚 API Docs: http://localhost:5000/api/docs
2026-04-06 23:01:32 [INFO]: [0mGET /api/fee [33m401[0m 20.966 ms - 28[0m
2026-04-06 23:01:32 [INFO]: [0mGET /api/notifications [33m401[0m 19.976 ms - 28[0m
2026-04-06 23:01:32 [INFO]: [0mGET /api/auth/users [33m401[0m 91.581 ms - 28[0m
2026-04-06 23:01:32 [INFO]: [0mGET /api/student [33m401[0m 19.171 ms - 28[0m
2026-04-06 23:01:32 [INFO]: [0mGET /api/fee [33m401[0m 15.680 ms - 28[0m
2026-04-06 23:01:32 [INFO]: [0mGET /api/notifications [33m401[0m 17.012 ms - 28[0m
2026-04-06 23:01:32 [INFO]: [0mGET /api/auth/users [33m401[0m 15.708 ms - 28[0m
2026-04-06 23:01:32 [INFO]: [0mGET /api/student [33m401[0m 14.723 ms - 28[0m
2026-04-06 23:02:02 [INFO]: [0mGET /api/notifications [33m401[0m 4.937 ms - 28[0m
2026-04-06 23:04:10 [INFO]: [0mPOST /api/auth/login [33m401[0m 16.956 ms - 39[0m
2026-04-06 23:04:13 [INFO]: [0mPOST /api/auth/login [33m401[0m 3.195 ms - 39[0m
2026-04-06 23:05:27 [INFO]: New user registered: guptaamit2784@gmail.com (student)
2026-04-06 23:05:27 [INFO]: [0mPOST /api/auth/register [32m201[0m 122.128 ms - 380[0m
2026-04-06 23:05:27 [INFO]: [0mGET /api/student [32m200[0m 38.078 ms - 296[0m
2026-04-06 23:05:27 [INFO]: [0mGET /api/notifications [32m200[0m 56.659 ms - 36[0m
2026-04-06 23:05:27 [INFO]: [0mGET /api/student [36m304[0m 15.022 ms - -[0m
2026-04-06 23:05:27 [INFO]: [0mGET /api/fee [32m200[0m 46.330 ms - 66[0m
2026-04-06 23:05:27 [INFO]: [0mGET /api/result [32m200[0m 65.454 ms - 66[0m
2026-04-06 23:05:27 [INFO]: [0mGET /api/notifications [36m304[0m 11.925 ms - -[0m
2026-04-06 23:05:27 [INFO]: [0mGET /api/fee [36m304[0m 13.085 ms - -[0m
2026-04-06 23:05:27 [INFO]: [0mGET /api/result [36m304[0m 10.792 ms - -[0m
2026-04-06 23:05:36 [INFO]: [0mGET /api/notifications [36m304[0m 14.276 ms - -[0m
2026-04-06 23:05:36 [INFO]: [0mGET /api/student [36m304[0m 12.981 ms - -[0m
2026-04-06 23:05:36 [INFO]: [0mGET /api/result [36m304[0m 17.467 ms - -[0m
2026-04-06 23:05:36 [INFO]: [0mGET /api/fee [36m304[0m 15.207 ms - -[0m
2026-04-06 23:05:36 [INFO]: [0mGET /api/notifications [36m304[0m 11.337 ms - -[0m
2026-04-06 23:05:36 [INFO]: [0mGET /api/student [36m304[0m 12.534 ms - -[0m
2026-04-06 23:05:36 [INFO]: [0mGET /api/result [36m304[0m 14.959 ms - -[0m
2026-04-06 23:05:36 [INFO]: [0mGET /api/fee [36m304[0m 15.399 ms - -[0m
2026-04-06 23:05:37 [INFO]: [0mGET /api/notifications [36m304[0m 15.894 ms - -[0m
2026-04-06 23:05:37 [INFO]: [0mGET /api/student [36m304[0m 14.875 ms - -[0m
2026-04-06 23:05:37 [INFO]: [0mGET /api/result [36m304[0m 19.355 ms - -[0m
2026-04-06 23:05:37 [INFO]: [0mGET /api/fee [36m304[0m 17.929 ms - -[0m
2026-04-06 23:05:37 [INFO]: [0mGET /api/notifications [36m304[0m 13.691 ms - -[0m
2026-04-06 23:05:37 [INFO]: [0mGET /api/student [36m304[0m 13.620 ms - -[0m
2026-04-06 23:05:37 [INFO]: [0mGET /api/result [36m304[0m 14.412 ms - -[0m
2026-04-06 23:05:37 [INFO]: [0mGET /api/fee [36m304[0m 14.336 ms - -[0m
2026-04-06 23:05:38 [INFO]: [0mGET /api/notifications [36m304[0m 15.247 ms - -[0m
2026-04-06 23:05:38 [INFO]: [0mGET /api/student [36m304[0m 14.338 ms - -[0m
2026-04-06 23:05:38 [INFO]: [0mGET /api/result [36m304[0m 17.475 ms - -[0m
2026-04-06 23:05:38 [INFO]: [0mGET /api/fee [36m304[0m 17.477 ms - -[0m
2026-04-06 23:05:38 [INFO]: [0mGET /api/notifications [36m304[0m 13.366 ms - -[0m
2026-04-06 23:05:38 [INFO]: [0mGET /api/student [36m304[0m 14.406 ms - -[0m
2026-04-06 23:05:38 [INFO]: [0mGET /api/result [36m304[0m 14.550 ms - -[0m
2026-04-06 23:05:38 [INFO]: [0mGET /api/fee [36m304[0m 14.191 ms - -[0m
2026-04-06 23:09:13 [INFO]: [0mPOST /api/auth/login [33m401[0m 5.109 ms - 39[0m
2026-04-06 23:09:18 [INFO]: [0mPOST /api/auth/login [33m401[0m 11.842 ms - 39[0m
2026-04-06 23:09:22 [INFO]: [0mPOST /api/auth/login [33m401[0m 3.214 ms - 39[0m
2026-04-06 23:09:23 [INFO]: [0mPOST /api/auth/login [33m401[0m 89.413 ms - 39[0m
2026-04-06 23:09:25 [INFO]: [0mPOST /api/auth/login [33m401[0m 80.971 ms - 39[0m
2026-04-06 23:09:26 [INFO]: [0mPOST /api/auth/login [33m429[0m 2.138 ms - 73[0m
2026-04-06 23:09:30 [INFO]: [0mPOST /api/auth/login [33m429[0m 0.611 ms - 73[0m
2026-04-06 23:10:01 [INFO]: [0mPOST /api/auth/register [33m429[0m 0.465 ms - 73[0m
2026-04-06 23:10:06 [INFO]: [0mPOST /api/auth/register [33m429[0m 0.362 ms - 73[0m
2026-04-06 23:10:23 [INFO]: [0mPOST /api/auth/register [33m429[0m 0.372 ms - 73[0m
2026-04-06 23:13:59 [INFO]: ✅ MongoDB connected
2026-04-06 23:13:59 [INFO]: 🚀 Server running on port 5000 [development]
2026-04-06 23:13:59 [INFO]: 📚 API Docs: http://localhost:5000/api/docs
2026-04-06 23:14:58 [INFO]: ✅ MongoDB connected
2026-04-06 23:14:58 [INFO]: 🚀 Server running on port 5000 [development]
2026-04-06 23:14:58 [INFO]: 📚 API Docs: http://localhost:5000/api/docs
2026-04-06 23:15:41 [INFO]: User logged in: demo.student@college.edu
2026-04-06 23:15:41 [INFO]: [0mPOST /api/auth/login [32m200[0m 118.801 ms - 348[0m
2026-04-06 23:15:41 [INFO]: [0mGET /api/student [33m404[0m 17.527 ms - 39[0m
2026-04-06 23:15:41 [INFO]: [0mGET /api/result [33m404[0m 15.297 ms - 39[0m
2026-04-06 23:15:41 [INFO]: [0mGET /api/fee [33m404[0m 12.328 ms - 39[0m
2026-04-06 23:15:41 [INFO]: [0mGET /api/notifications [32m200[0m 33.839 ms - 36[0m
2026-04-06 23:15:41 [INFO]: [0mGET /api/student [33m404[0m 16.176 ms - 39[0m
2026-04-06 23:15:41 [INFO]: [0mGET /api/result [33m404[0m 15.071 ms - 39[0m
2026-04-06 23:15:41 [INFO]: [0mGET /api/fee [33m404[0m 14.312 ms - 39[0m
2026-04-06 23:15:41 [INFO]: [0mGET /api/notifications [36m304[0m 11.822 ms - -[0m
2026-04-06 23:15:45 [INFO]: [0mGET /api/result [33m404[0m 5.333 ms - 39[0m
2026-04-06 23:15:45 [INFO]: [0mGET /api/result [33m404[0m 4.218 ms - 39[0m
2026-04-06 23:15:47 [INFO]: [0mGET /api/fee [33m404[0m 4.110 ms - 39[0m
2026-04-06 23:15:47 [INFO]: [0mGET /api/fee [33m404[0m 4.192 ms - 39[0m
2026-04-06 23:15:48 [INFO]: [0mGET /api/student [33m404[0m 6.189 ms - 39[0m
2026-04-06 23:15:48 [INFO]: [0mGET /api/student [33m404[0m 4.745 ms - 39[0m
2026-04-06 23:15:49 [INFO]: [0mGET /api/documents/my [33m404[0m 4.520 ms - 39[0m
2026-04-06 23:15:49 [INFO]: [0mGET /api/documents/my [33m404[0m 3.839 ms - 39[0m
2026-04-06 23:15:50 [INFO]: [0mGET /api/calendar [32m200[0m 11.929 ms - 2[0m
2026-04-06 23:15:50 [INFO]: [0mGET /api/calendar [36m304[0m 3.623 ms - -[0m
2026-04-06 23:15:51 [INFO]: [0mGET /api/messages/contacts [32m200[0m 17.070 ms - -[0m
2026-04-06 23:15:51 [INFO]: [0mGET /api/messages/contacts [36m304[0m 9.066 ms - -[0m
2026-04-06 23:16:00 [INFO]: [0mGET /api/messages/thread/69d3ef4c71dd248332495303 [32m200[0m 15.703 ms - 2[0m
2026-04-06 23:16:05 [INFO]: [0mGET /api/messages/thread/69d3ef4c71dd248332495303 [36m304[0m 4.923 ms - -[0m
2026-04-06 23:16:14 [INFO]: [0mPOST /api/auth/login [33m401[0m 74.867 ms - 39[0m
2026-04-06 23:16:19 [INFO]: [0mPOST /api/auth/login [33m401[0m 85.812 ms - 39[0m
2026-04-06 23:16:59 [INFO]: [0mPOST /api/auth/login [33m401[0m 74.440 ms - 39[0m
2026-04-06 23:17:50 [INFO]: [0mPOST /api/auth/login [33m401[0m 79.889 ms - 39[0m
2026-04-06 23:18:13 [INFO]: [0mPOST /api/auth/login [33m401[0m 81.680 ms - 39[0m
2026-04-06 23:19:18 [INFO]: [0mPOST /api/auth/login [33m401[0m 70.901 ms - 39[0m
2026-04-06 23:19:19 [INFO]: [0mPOST /api/auth/login [33m401[0m 70.875 ms - 39[0m
2026-04-06 23:21:03 [INFO]: [0mPOST /api/auth/login [33m401[0m 81.336 ms - 39[0m
2026-04-06 23:21:40 [INFO]: New user registered: guptaamit278@gmail.com (student)
2026-04-06 23:21:40 [INFO]: [0mPOST /api/auth/register [32m201[0m 129.945 ms - 379[0m
2026-04-06 23:21:40 [INFO]: [0mGET /api/notifications [36m304[0m 28.994 ms - -[0m
2026-04-06 23:21:40 [INFO]: [0mGET /api/student [32m200[0m 28.523 ms - 295[0m
2026-04-06 23:21:40 [INFO]: [0mGET /api/fee [32m200[0m 26.958 ms - 66[0m
2026-04-06 23:21:40 [INFO]: [0mGET /api/result [32m200[0m 29.953 ms - 66[0m
2026-04-06 23:21:40 [INFO]: [0mGET /api/notifications [36m304[0m 13.268 ms - -[0m
2026-04-06 23:21:40 [INFO]: [0mGET /api/student [36m304[0m 12.633 ms - -[0m
2026-04-06 23:21:40 [INFO]: [0mGET /api/fee [36m304[0m 13.037 ms - -[0m
2026-04-06 23:21:40 [INFO]: [0mGET /api/result [36m304[0m 12.862 ms - -[0m
2026-04-06 23:21:45 [INFO]: [0mGET /api/notifications [36m304[0m 18.854 ms - -[0m
2026-04-06 23:21:45 [INFO]: [0mGET /api/student [36m304[0m 16.129 ms - -[0m
2026-04-06 23:21:45 [INFO]: [0mGET /api/result [36m304[0m 19.432 ms - -[0m
2026-04-06 23:21:45 [INFO]: [0mGET /api/fee [36m304[0m 17.834 ms - -[0m
2026-04-06 23:21:45 [INFO]: [0mGET /api/notifications [36m304[0m 16.980 ms - -[0m
2026-04-06 23:21:45 [INFO]: [0mGET /api/student [36m304[0m 16.909 ms - -[0m
2026-04-06 23:21:45 [INFO]: [0mGET /api/result [36m304[0m 16.852 ms - -[0m
2026-04-06 23:21:45 [INFO]: [0mGET /api/fee [36m304[0m 16.205 ms - -[0m
2026-04-06 23:21:46 [INFO]: [0mGET /api/notifications [36m304[0m 18.324 ms - -[0m
2026-04-06 23:21:46 [INFO]: [0mGET /api/student [36m304[0m 16.903 ms - -[0m
2026-04-06 23:21:46 [INFO]: [0mGET /api/result [36m304[0m 20.663 ms - -[0m
2026-04-06 23:21:46 [INFO]: [0mGET /api/fee [36m304[0m 19.716 ms - -[0m
2026-04-06 23:21:46 [INFO]: [0mGET /api/notifications [36m304[0m 13.252 ms - -[0m
2026-04-06 23:21:46 [INFO]: [0mGET /api/student [36m304[0m 13.596 ms - -[0m
2026-04-06 23:21:46 [INFO]: [0mGET /api/result [36m304[0m 13.324 ms - -[0m
2026-04-06 23:21:46 [INFO]: [0mGET /api/fee [36m304[0m 13.784 ms - -[0m
2026-04-06 23:22:06 [INFO]: User logged in: guptaamit278@gmail.com
2026-04-06 23:22:06 [INFO]: [0mPOST /api/auth/login [32m200[0m 86.871 ms - 345[0m
2026-04-06 23:22:06 [INFO]: [0mGET /api/notifications [36m304[0m 12.546 ms - -[0m
2026-04-06 23:22:06 [INFO]: [0mGET /api/student [36m304[0m 11.941 ms - -[0m
2026-04-06 23:22:06 [INFO]: [0mGET /api/result [36m304[0m 16.904 ms - -[0m
2026-04-06 23:22:06 [INFO]: [0mGET /api/fee [36m304[0m 16.294 ms - -[0m
2026-04-06 23:22:06 [INFO]: [0mGET /api/notifications [36m304[0m 16.691 ms - -[0m
2026-04-06 23:22:06 [INFO]: [0mGET /api/student [36m304[0m 16.683 ms - -[0m
2026-04-06 23:22:06 [INFO]: [0mGET /api/result [36m304[0m 14.316 ms - -[0m
2026-04-06 23:22:06 [INFO]: [0mGET /api/fee [36m304[0m 13.147 ms - -[0m
2026-04-06 23:22:11 [INFO]: [0mGET /api/notifications [36m304[0m 17.410 ms - -[0m
2026-04-06 23:22:11 [INFO]: [0mGET /api/student [36m304[0m 16.889 ms - -[0m
2026-04-06 23:22:11 [INFO]: [0mGET /api/result [36m304[0m 21.423 ms - -[0m
2026-04-06 23:22:11 [INFO]: [0mGET /api/fee [36m304[0m 20.491 ms - -[0m
2026-04-06 23:22:11 [INFO]: [0mGET /api/notifications [36m304[0m 13.629 ms - -[0m
2026-04-06 23:22:11 [INFO]: [0mGET /api/student [36m304[0m 13.882 ms - -[0m
2026-04-06 23:22:11 [INFO]: [0mGET /api/result [36m304[0m 13.829 ms - -[0m
2026-04-06 23:22:11 [INFO]: [0mGET /api/fee [36m304[0m 13.255 ms - -[0m
2026-04-06 23:22:12 [INFO]: [0mGET /api/notifications [36m304[0m 10.957 ms - -[0m
2026-04-06 23:22:12 [INFO]: [0mGET /api/student [36m304[0m 9.513 ms - -[0m
2026-04-06 23:22:12 [INFO]: [0mGET /api/result [36m304[0m 13.441 ms - -[0m
2026-04-06 23:22:12 [INFO]: [0mGET /api/fee [36m304[0m 13.203 ms - -[0m
2026-04-06 23:22:12 [INFO]: [0mGET /api/notifications [36m304[0m 13.628 ms - -[0m
2026-04-06 23:22:12 [INFO]: [0mGET /api/student [36m304[0m 13.833 ms - -[0m
2026-04-06 23:22:12 [INFO]: [0mGET /api/result [36m304[0m 12.994 ms - -[0m
2026-04-06 23:22:12 [INFO]: [0mGET /api/fee [36m304[0m 12.583 ms - -[0m
2026-04-06 23:22:26 [INFO]: User logged in: guptaamit278@gmail.com
2026-04-06 23:22:26 [INFO]: [0mPOST /api/auth/login [32m200[0m 75.523 ms - 345[0m
2026-04-06 23:22:26 [INFO]: [0mGET /api/student [36m304[0m 13.882 ms - -[0m
2026-04-06 23:22:26 [INFO]: [0mGET /api/notifications [36m304[0m 16.598 ms - -[0m
2026-04-06 23:22:26 [INFO]: [0mGET /api/result [36m304[0m 17.106 ms - -[0m
2026-04-06 23:22:26 [INFO]: [0mGET /api/fee [36m304[0m 15.682 ms - -[0m
2026-04-06 23:22:26 [INFO]: [0mGET /api/student [36m304[0m 10.799 ms - -[0m
2026-04-06 23:22:26 [INFO]: [0mGET /api/notifications [36m304[0m 10.356 ms - -[0m
2026-04-06 23:22:26 [INFO]: [0mGET /api/result [36m304[0m 9.496 ms - -[0m
2026-04-06 23:22:26 [INFO]: [0mGET /api/fee [36m304[0m 10.467 ms - -[0m
2026-04-06 23:24:05 [INFO]: ✅ MongoDB connected
2026-04-06 23:24:05 [INFO]: 🚀 Server running on port 5000 [development]
2026-04-06 23:24:05 [INFO]: 📚 API Docs: http://localhost:5000/api/docs
2026-04-06 23:24:49 [INFO]: [0mGET /api/notifications [36m304[0m 39.624 ms - -[0m
2026-04-06 23:24:49 [INFO]: [0mGET /api/student [36m304[0m 28.702 ms - -[0m
2026-04-06 23:24:49 [INFO]: [0mGET /api/result [36m304[0m 34.973 ms - -[0m
2026-04-06 23:24:49 [INFO]: [0mGET /api/fee [36m304[0m 32.632 ms - -[0m
2026-04-06 23:24:49 [INFO]: [0mGET /api/notifications [36m304[0m 13.725 ms - -[0m
2026-04-06 23:24:49 [INFO]: [0mGET /api/student [36m304[0m 13.460 ms - -[0m
2026-04-06 23:24:49 [INFO]: [0mGET /api/result [36m304[0m 14.302 ms - -[0m
2026-04-06 23:24:49 [INFO]: [0mGET /api/fee [36m304[0m 13.232 ms - -[0m
2026-04-06 23:24:50 [INFO]: [0mGET /api/notifications [36m304[0m 17.555 ms - -[0m
2026-04-06 23:24:50 [INFO]: [0mGET /api/student [36m304[0m 16.371 ms - -[0m
2026-04-06 23:24:50 [INFO]: [0mGET /api/result [36m304[0m 19.782 ms - -[0m
2026-04-06 23:24:50 [INFO]: [0mGET /api/fee [36m304[0m 18.717 ms - -[0m
2026-04-06 23:24:50 [INFO]: [0mGET /api/notifications [36m304[0m 12.502 ms - -[0m
2026-04-06 23:24:50 [INFO]: [0mGET /api/student [36m304[0m 12.349 ms - -[0m
2026-04-06 23:24:50 [INFO]: [0mGET /api/result [36m304[0m 12.964 ms - -[0m
2026-04-06 23:24:50 [INFO]: [0mGET /api/fee [36m304[0m 12.816 ms - -[0m
2026-04-06 23:24:51 [INFO]: [0mGET /api/notifications [36m304[0m 11.967 ms - -[0m
2026-04-06 23:24:51 [INFO]: [0mGET /api/student [36m304[0m 10.912 ms - -[0m
2026-04-06 23:24:51 [INFO]: [0mGET /api/fee [36m304[0m 12.323 ms - -[0m
2026-04-06 23:24:51 [INFO]: [0mGET /api/result [36m304[0m 16.854 ms - -[0m
2026-04-06 23:24:51 [INFO]: [0mGET /api/notifications [36m304[0m 11.561 ms - -[0m
2026-04-06 23:24:51 [INFO]: [0mGET /api/student [36m304[0m 11.414 ms - -[0m
2026-04-06 23:24:51 [INFO]: [0mGET /api/fee [36m304[0m 14.920 ms - -[0m
2026-04-06 23:24:51 [INFO]: [0mGET /api/result [36m304[0m 12.198 ms - -[0m
2026-04-06 23:24:52 [INFO]: [0mGET /api/notifications [36m304[0m 12.367 ms - -[0m
2026-04-06 23:24:52 [INFO]: [0mGET /api/student [36m304[0m 11.727 ms - -[0m
2026-04-06 23:24:52 [INFO]: [0mGET /api/result [36m304[0m 16.589 ms - -[0m
2026-04-06 23:24:52 [INFO]: [0mGET /api/fee [36m304[0m 16.644 ms - -[0m
2026-04-06 23:24:52 [INFO]: [0mGET /api/notifications [36m304[0m 13.992 ms - -[0m
2026-04-06 23:24:52 [INFO]: [0mGET /api/student [36m304[0m 14.284 ms - -[0m
2026-04-06 23:24:52 [INFO]: [0mGET /api/result [36m304[0m 12.009 ms - -[0m
2026-04-06 23:24:52 [INFO]: [0mGET /api/fee [36m304[0m 10.473 ms - -[0m
2026-04-06 23:24:57 [INFO]: [0mGET /api/notifications [36m304[0m 15.931 ms - -[0m
2026-04-06 23:24:57 [INFO]: [0mGET /api/student [36m304[0m 15.678 ms - -[0m
2026-04-06 23:24:57 [INFO]: [0mGET /api/result [36m304[0m 19.397 ms - -[0m
2026-04-06 23:24:57 [INFO]: [0mGET /api/fee [36m304[0m 18.855 ms - -[0m
2026-04-06 23:24:57 [INFO]: [0mGET /api/notifications [36m304[0m 14.305 ms - -[0m
2026-04-06 23:24:57 [INFO]: [0mGET /api/student [36m304[0m 14.619 ms - -[0m
2026-04-06 23:24:57 [INFO]: [0mGET /api/result [36m304[0m 14.185 ms - -[0m
2026-04-06 23:24:57 [INFO]: [0mGET /api/fee [36m304[0m 13.709 ms - -[0m
2026-04-06 23:25:02 [INFO]: [0mGET /api/notifications [36m304[0m 10.269 ms - -[0m
2026-04-06 23:25:02 [INFO]: [0mGET /api/student [36m304[0m 9.018 ms - -[0m
2026-04-06 23:25:02 [INFO]: [0mGET /api/result [36m304[0m 11.823 ms - -[0m
2026-04-06 23:25:02 [INFO]: [0mGET /api/fee [36m304[0m 11.626 ms - -[0m
2026-04-06 23:25:03 [INFO]: [0mGET /api/notifications [36m304[0m 10.742 ms - -[0m
2026-04-06 23:25:03 [INFO]: [0mGET /api/student [36m304[0m 10.657 ms - -[0m
2026-04-06 23:25:03 [INFO]: [0mGET /api/result [36m304[0m 11.793 ms - -[0m
2026-04-06 23:25:03 [INFO]: [0mGET /api/fee [36m304[0m 11.182 ms - -[0m
2026-04-06 23:25:14 [INFO]: User logged in: guptaamit278@gmail.com
2026-04-06 23:25:14 [INFO]: [0mPOST /api/auth/login [32m200[0m 96.656 ms - 345[0m
2026-04-06 23:25:14 [INFO]: [0mGET /api/notifications [36m304[0m 15.794 ms - -[0m
2026-04-06 23:25:14 [INFO]: [0mGET /api/student [36m304[0m 14.858 ms - -[0m
2026-04-06 23:25:14 [INFO]: [0mGET /api/result [36m304[0m 18.441 ms - -[0m
2026-04-06 23:25:14 [INFO]: [0mGET /api/fee [36m304[0m 16.785 ms - -[0m
2026-04-06 23:25:14 [INFO]: [0mGET /api/notifications [36m304[0m 12.872 ms - -[0m
2026-04-06 23:25:14 [INFO]: [0mGET /api/student [36m304[0m 12.903 ms - -[0m
2026-04-06 23:25:14 [INFO]: [0mGET /api/result [36m304[0m 13.848 ms - -[0m
2026-04-06 23:25:14 [INFO]: [0mGET /api/fee [36m304[0m 13.260 ms - -[0m
2026-04-06 23:27:00 [INFO]: [0mGET /api/notifications [36m304[0m 12.065 ms - -[0m
2026-04-06 23:27:00 [INFO]: [0mGET /api/student [36m304[0m 10.081 ms - -[0m
2026-04-06 23:27:00 [INFO]: [0mGET /api/result [36m304[0m 14.265 ms - -[0m
2026-04-06 23:27:00 [INFO]: [0mGET /api/fee [36m304[0m 13.975 ms - -[0m
2026-04-06 23:27:00 [INFO]: [0mGET /api/notifications [36m304[0m 10.959 ms - -[0m
2026-04-06 23:27:00 [INFO]: [0mGET /api/student [36m304[0m 11.045 ms - -[0m
2026-04-06 23:27:00 [INFO]: [0mGET /api/result [36m304[0m 12.375 ms - -[0m
2026-04-06 23:27:00 [INFO]: [0mGET /api/fee [36m304[0m 11.881 ms - -[0m
2026-04-06 23:27:10 [INFO]: [0mGET /api/result [36m304[0m 10.961 ms - -[0m
2026-04-06 23:27:10 [INFO]: [0mGET /api/result [36m304[0m 7.547 ms - -[0m
2026-04-06 23:29:24 [INFO]: [0mGET /api/student [36m304[0m 36.502 ms - -[0m
2026-04-06 23:29:24 [INFO]: [0mGET /api/notifications [36m304[0m 57.722 ms - -[0m
2026-04-06 23:29:24 [INFO]: [0mGET /api/student [36m304[0m 14.857 ms - -[0m
2026-04-06 23:29:24 [INFO]: [0mGET /api/result [36m304[0m 58.046 ms - -[0m
2026-04-06 23:29:24 [INFO]: [0mGET /api/fee [36m304[0m 58.885 ms - -[0m
2026-04-06 23:29:24 [INFO]: [0mGET /api/notifications [36m304[0m 20.266 ms - -[0m
2026-04-06 23:29:24 [INFO]: [0mGET /api/result [36m304[0m 25.291 ms - -[0m
2026-04-06 23:29:24 [INFO]: [0mGET /api/fee [36m304[0m 23.127 ms - -[0m
2026-04-06 23:29:41 [INFO]: [0mPOST /api/auth/login [33m401[0m 129.733 ms - 39[0m
2026-04-06 23:29:43 [INFO]: [0mPOST /api/auth/login [33m401[0m 123.568 ms - 39[0m
2026-04-06 23:29:43 [INFO]: [0mPOST /api/auth/login [33m401[0m 124.681 ms - 39[0m
2026-04-06 23:29:44 [INFO]: [0mPOST /api/auth/login [33m401[0m 125.876 ms - 39[0m
2026-04-06 23:29:44 [INFO]: [0mPOST /api/auth/login [33m401[0m 126.810 ms - 39[0m
2026-04-06 23:31:03 [INFO]: [0mPOST /api/auth/login [33m401[0m 121.368 ms - 39[0m
2026-04-06 23:31:33 [INFO]: New user registered: guptaamit27@gmail.com (admin)
2026-04-06 23:31:33 [INFO]: [0mPOST /api/auth/register [32m201[0m 204.297 ms - 370[0m
2026-04-06 23:31:33 [INFO]: [0mGET /api/notifications [36m304[0m 23.332 ms - -[0m
2026-04-06 23:31:33 [INFO]: [0mGET /api/student [32m200[0m 55.404 ms - -[0m
2026-04-06 23:31:33 [INFO]: [0mGET /api/auth/users [32m200[0m 37.158 ms - -[0m
2026-04-06 23:31:33 [INFO]: [0mGET /api/notifications [36m304[0m 29.255 ms - -[0m
2026-04-06 23:31:33 [INFO]: [0mGET /api/fee [32m200[0m 71.300 ms - -[0m
2026-04-06 23:31:33 [INFO]: [0mGET /api/auth/users [36m304[0m 27.933 ms - -[0m
2026-04-06 23:31:33 [INFO]: [0mGET /api/student [36m304[0m 35.722 ms - -[0m
2026-04-06 23:31:33 [INFO]: [0mGET /api/fee [36m304[0m 36.471 ms - -[0m
2026-04-06 23:31:37 [INFO]: [0mGET /api/auth/users [36m304[0m 11.964 ms - -[0m
2026-04-06 23:31:37 [INFO]: [0mGET /api/auth/users [36m304[0m 10.729 ms - -[0m
2026-04-06 23:31:59 [INFO]: [0mGET /api/student [36m304[0m 13.336 ms - -[0m
2026-04-06 23:31:59 [INFO]: [0mGET /api/student [36m304[0m 10.391 ms - -[0m
2026-04-06 23:32:03 [INFO]: [0mGET /api/notifications [36m304[0m 7.211 ms - -[0m
2026-04-06 23:32:23 [INFO]: [0mGET /api/student [36m304[0m 17.634 ms - -[0m
2026-04-06 23:32:23 [INFO]: [0mGET /api/fee [36m304[0m 24.175 ms - -[0m
2026-04-06 23:32:23 [INFO]: [0mGET /api/student [36m304[0m 12.583 ms - -[0m
2026-04-06 23:32:23 [INFO]: [0mGET /api/fee [36m304[0m 16.994 ms - -[0m
2026-04-06 23:32:32 [INFO]: [0mGET /api/courses [32m200[0m 8.774 ms - 2[0m
2026-04-06 23:32:32 [INFO]: [0mGET /api/courses [36m304[0m 6.158 ms - -[0m
2026-04-06 23:32:33 [INFO]: [0mGET /api/notifications [36m304[0m 5.458 ms - -[0m
2026-04-06 23:32:34 [INFO]: [0mGET /api/calendar [36m304[0m 8.911 ms - -[0m
2026-04-06 23:32:34 [INFO]: [0mGET /api/calendar [36m304[0m 7.737 ms - -[0m
2026-04-06 23:32:35 [INFO]: [0mGET /api/analytics/overview [32m200[0m 42.858 ms - 112[0m
2026-04-06 23:32:36 [INFO]: [0mGET /api/analytics/fees [32m200[0m 57.977 ms - 289[0m
2026-04-06 23:32:36 [INFO]: [0mGET /api/analytics/fees/status [32m200[0m 55.047 ms - 87[0m
2026-04-06 23:32:36 [INFO]: [0mGET /api/analytics/attendance [32m200[0m 31.884 ms - 2[0m
2026-04-06 23:32:36 [INFO]: [0mGET /api/analytics/overview [36m304[0m 31.226 ms - -[0m
2026-04-06 23:32:36 [INFO]: [0mGET /api/analytics/fees [36m304[0m 42.635 ms - -[0m
2026-04-06 23:32:36 [INFO]: [0mGET /api/analytics/fees/status [36m304[0m 39.693 ms - -[0m
2026-04-06 23:32:36 [INFO]: [0mGET /api/analytics/attendance [36m304[0m 55.360 ms - -[0m
2026-04-06 23:32:49 [INFO]: [0mGET /api/messages/contacts [32m200[0m 28.928 ms - -[0m
2026-04-06 23:32:49 [INFO]: [0mGET /api/messages/contacts [36m304[0m 10.859 ms - -[0m
2026-04-06 23:32:52 [INFO]: [0mGET /api/messages/thread/69d3eedfd9f86982c9b086f7 [32m200[0m 21.667 ms - 2[0m
2026-04-06 23:32:56 [INFO]: [0mGET /api/messages/thread/69d3eedfd9f86982c9b086f7 [36m304[0m 8.236 ms - -[0m
2026-04-06 23:33:01 [INFO]: [0mGET /api/messages/thread/69d3eedfd9f86982c9b086f7 [36m304[0m 6.489 ms - -[0m
2026-04-06 23:33:02 [INFO]: [0mPOST /api/messages [32m201[0m 19.494 ms - 385[0m
2026-04-06 23:33:03 [INFO]: [0mGET /api/notifications [36m304[0m 5.711 ms - -[0m
2026-04-06 23:33:07 [INFO]: [0mGET /api/messages/thread/69d3eedfd9f86982c9b086f7 [32m200[0m 14.476 ms - 239[0m
2026-04-06 23:33:12 [INFO]: [0mGET /api/messages/thread/69d3eedfd9f86982c9b086f7 [36m304[0m 7.726 ms - -[0m
2026-04-06 23:33:16 [INFO]: [0mGET /api/notifications [36m304[0m 18.194 ms - -[0m
2026-04-06 23:33:16 [INFO]: [0mGET /api/auth/users [36m304[0m 21.490 ms - -[0m
2026-04-06 23:33:16 [INFO]: [0mGET /api/student [36m304[0m 31.689 ms - -[0m
2026-04-06 23:33:16 [INFO]: [0mGET /api/fee [36m304[0m 41.523 ms - -[0m
2026-04-06 23:33:16 [INFO]: [0mGET /api/notifications [36m304[0m 23.506 ms - -[0m
2026-04-06 23:33:16 [INFO]: [0mGET /api/auth/users [36m304[0m 26.320 ms - -[0m
2026-04-06 23:33:16 [INFO]: [0mGET /api/student [36m304[0m 25.229 ms - -[0m
2026-04-06 23:33:16 [INFO]: [0mGET /api/fee [36m304[0m 25.490 ms - -[0m
2026-04-06 23:33:17 [INFO]: [0mGET /api/messages/thread/69d3eedfd9f86982c9b086f7 [36m304[0m 13.628 ms - -[0m
2026-04-06 23:33:22 [INFO]: [0mGET /api/messages/thread/69d3eedfd9f86982c9b086f7 [33m401[0m 0.519 ms - 38[0m
2026-04-06 23:33:27 [INFO]: [0mGET /api/messages/thread/69d3eedfd9f86982c9b086f7 [33m401[0m 0.581 ms - 38[0m
2026-04-06 23:33:27 [INFO]: User logged in: guptaamit2784@gmail.com
2026-04-06 23:33:27 [INFO]: [0mPOST /api/auth/login [32m200[0m 130.513 ms - 346[0m
2026-04-06 23:33:27 [INFO]: [0mGET /api/student [33m404[0m 19.254 ms - 39[0m
2026-04-06 23:33:27 [INFO]: [0mGET /api/result [33m404[0m 18.881 ms - 39[0m
2026-04-06 23:33:27 [INFO]: [0mGET /api/notifications [36m304[0m 27.569 ms - -[0m
2026-04-06 23:33:27 [INFO]: [0mGET /api/fee [33m404[0m 22.428 ms - 39[0m
2026-04-06 23:33:27 [INFO]: [0mGET /api/student [33m404[0m 24.006 ms - 39[0m
2026-04-06 23:33:27 [INFO]: [0mGET /api/result [33m404[0m 22.569 ms - 39[0m
2026-04-06 23:33:27 [INFO]: [0mGET /api/fee [33m404[0m 10.046 ms - 39[0m
2026-04-06 23:33:27 [INFO]: [0mGET /api/notifications [36m304[0m 19.584 ms - -[0m
2026-04-06 23:33:30 [INFO]: [0mGET /api/messages/contacts [32m200[0m 17.109 ms - -[0m
2026-04-06 23:33:30 [INFO]: [0mGET /api/messages/contacts [36m304[0m 13.238 ms - -[0m
2026-04-06 23:33:32 [INFO]: [0mGET /api/messages/thread/69d3eedfd9f86982c9b086f7 [32m200[0m 6.649 ms - 2[0m
2026-04-06 23:33:32 [INFO]: [0mGET /api/messages/thread/69d3f4fdc19812c892503e7f [32m200[0m 13.288 ms - 239[0m
2026-04-06 23:33:34 [INFO]: [0mGET /api/notifications [36m304[0m 6.204 ms - -[0m
2026-04-06 23:33:37 [INFO]: [0mGET /api/messages/thread/69d3eedfd9f86982c9b086f7 [36m304[0m 6.186 ms - -[0m
2026-04-06 23:33:37 [INFO]: [0mGET /api/messages/thread/69d3f4fdc19812c892503e7f [32m200[0m 6.833 ms - 238[0m
2026-04-06 23:33:42 [INFO]: [0mGET /api/messages/thread/69d3eedfd9f86982c9b086f7 [36m304[0m 5.956 ms - -[0m
2026-04-06 23:33:47 [INFO]: [0mGET /api/messages/thread/69d3eedfd9f86982c9b086f7 [36m304[0m 6.920 ms - -[0m
2026-04-06 23:33:52 [INFO]: [0mGET /api/messages/thread/69d3eedfd9f86982c9b086f7 [36m304[0m 6.845 ms - -[0m
2026-04-06 23:33:57 [INFO]: [0mGET /api/messages/thread/69d3eedfd9f86982c9b086f7 [36m304[0m 11.570 ms - -[0m
2026-04-06 23:34:02 [INFO]: [0mGET /api/messages/thread/69d3eedfd9f86982c9b086f7 [36m304[0m 5.197 ms - -[0m
2026-04-06 23:34:04 [INFO]: [0mGET /api/notifications [36m304[0m 6.411 ms - -[0m
2026-04-06 23:34:07 [INFO]: [0mGET /api/messages/thread/69d3eedfd9f86982c9b086f7 [36m304[0m 11.451 ms - -[0m
2026-04-06 23:34:12 [INFO]: [0mGET /api/messages/thread/69d3eedfd9f86982c9b086f7 [36m304[0m 5.543 ms - -[0m
2026-04-06 23:34:17 [INFO]: [0mGET /api/messages/thread/69d3eedfd9f86982c9b086f7 [36m304[0m 8.824 ms - -[0m
2026-04-06 23:34:22 [INFO]: [0mGET /api/messages/thread/69d3eedfd9f86982c9b086f7 [36m304[0m 5.859 ms - -[0m
2026-04-06 23:34:27 [INFO]: [0mGET /api/messages/thread/69d3eedfd9f86982c9b086f7 [36m304[0m 5.061 ms - -[0m
2026-04-06 23:34:32 [INFO]: [0mGET /api/messages/thread/69d3eedfd9f86982c9b086f7 [36m304[0m 5.320 ms - -[0m
2026-04-06 23:34:34 [INFO]: [0mGET /api/notifications [36m304[0m 5.365 ms - -[0m
2026-04-06 23:34:37 [INFO]: [0mGET /api/messages/thread/69d3eedfd9f86982c9b086f7 [36m304[0m 5.401 ms - -[0m
2026-04-06 23:34:42 [INFO]: [0mGET /api/messages/thread/69d3eedfd9f86982c9b086f7 [36m304[0m 5.639 ms - -[0m
2026-04-06 23:35:14 [INFO]: [0mGET /api/messages/thread/69d3eedfd9f86982c9b086f7 [36m304[0m 9.565 ms - -[0m
2026-04-06 23:35:14 [INFO]: [0mGET /api/notifications [36m304[0m 8.150 ms - -[0m
2026-04-06 23:35:31 [INFO]: [0mPOST /api/auth/login [33m401[0m 135.834 ms - 39[0m
2026-04-06 23:36:14 [INFO]: [0mGET /api/messages/thread/69d3eedfd9f86982c9b086f7 [36m304[0m 7.563 ms - -[0m
2026-04-06 23:36:14 [INFO]: [0mGET /api/notifications [36m304[0m 6.614 ms - -[0m
2026-04-06 23:36:32 [INFO]: ✅ MongoDB connected
2026-04-06 23:36:32 [INFO]: 🚀 Server running on port 5000 [development]
2026-04-06 23:36:32 [INFO]: 📚 API Docs: http://localhost:5000/api/docs
2026-04-06 23:37:14 [INFO]: [0mGET /api/messages/thread/69d3eedfd9f86982c9b086f7 [36m304[0m 43.779 ms - -[0m
2026-04-06 23:37:14 [INFO]: [0mGET /api/notifications [36m304[0m 24.446 ms - -[0m
